[INFO ] 2020-09-09 00:00:07.245 [main] ExcelHelper -  Filter By Type : FREE_PARKING |Star Rating : 3★ |Budget : $200 to $300
[INFO ] 2020-09-09 00:00:07.421 [main] ExcelHelper - Search Criteria for type Popular Filter = FREE_PARKING
[INFO ] 2020-09-09 00:00:09.249 [main] ExcelHelper -  Search Criteria for Hotel Star rating : 3★
[INFO ] 2020-09-09 00:00:09.908 [main] ExcelHelper -  Search Criteria for your Budget : $200 to $300
[INFO ] 2020-09-09 00:00:14.369 [main] ExcelHelper - San Francisco, CA, United States of America (SFO-San Francisco Intl.) Hotel Search Results
[INFO ] 2020-09-09 00:01:05.339 [main] ExcelHelper - total rows:2
[INFO ] 2020-09-09 00:01:24.347 [main] ExcelHelper -  Filter By Type : HOTEL |Star Rating : 5★ |Budget : Greater than $300
[INFO ] 2020-09-09 00:01:24.583 [main] ExcelHelper - Search Criteria for type Popular Filter = HOTEL
[INFO ] 2020-09-09 00:01:30.899 [main] ExcelHelper -  Search Criteria for Hotel Star rating : 5★
[INFO ] 2020-09-09 00:01:31.882 [main] ExcelHelper -  Search Criteria for your Budget : Greater than $300
[INFO ] 2020-09-09 00:01:40.941 [main] ExcelHelper - San Francisco, CA, United States of America (SFO-San Francisco Intl.) Hotel Search Results
[INFO ] 2020-09-09 00:01:59.231 [main] ExcelHelper -  Filter By Type : FREE_PARKING |Star Rating : 3★ |Budget : $200 to $300
[INFO ] 2020-09-09 00:01:59.952 [main] ExcelHelper - Search Criteria for type Popular Filter = FREE_PARKING
[INFO ] 2020-09-09 00:02:01.343 [main] ExcelHelper -  Search Criteria for Hotel Star rating : 3★
[INFO ] 2020-09-09 00:02:02.188 [main] ExcelHelper -  Search Criteria for your Budget : $200 to $300
[INFO ] 2020-09-09 00:02:09.433 [main] ExcelHelper - Failed :  - hotelfilter_Tc01
[INFO ] 2020-09-09 00:42:54.760 [main] ExcelHelper - total rows:2
[INFO ] 2020-09-09 00:46:50.452 [main] ExcelHelper - total rows:2
[INFO ] 2020-09-09 00:48:53.597 [main] ExcelHelper - total rows:2
[INFO ] 2020-09-09 00:50:46.992 [main] ExcelHelper - total rows:2
[INFO ] 2020-09-09 00:51:06.291 [main] ExcelHelper -  Filter By Type : HOTEL |Star Rating : 5★ |Budget : Greater than $300
[INFO ] 2020-09-09 00:51:06.720 [main] ExcelHelper - Search Criteria for type Popular Filter = HOTEL
[INFO ] 2020-09-09 00:51:10.305 [main] ExcelHelper -  Search Criteria for Hotel Star rating : 5★
[INFO ] 2020-09-09 00:51:11.220 [main] ExcelHelper -  Search Criteria for your Budget : Greater than $300
[INFO ] 2020-09-09 00:51:18.030 [main] ExcelHelper - San Francisco, CA, United States of America (SFO-San Francisco Intl.) Hotel Search Results
[INFO ] 2020-09-09 00:51:33.374 [main] ExcelHelper -  Filter By Type : FREE_PARKING |Star Rating : 3★ |Budget : $200 to $300
[INFO ] 2020-09-09 00:51:33.485 [main] ExcelHelper - Search Criteria for type Popular Filter = FREE_PARKING
[INFO ] 2020-09-09 00:51:35.298 [main] ExcelHelper -  Search Criteria for Hotel Star rating : 3★
[INFO ] 2020-09-09 00:51:36.673 [main] ExcelHelper -  Search Criteria for your Budget : $200 to $300
[INFO ] 2020-09-09 00:51:42.518 [main] ExcelHelper - Failed :  - hotelfilter_Tc01
[INFO ] 2020-09-09 00:53:21.741 [main] ExcelHelper - Failed :  - title
[INFO ] 2020-09-09 00:56:10.279 [main] ExcelHelper - Failed :  - title
[INFO ] 2020-09-09 00:57:59.349 [main] ExcelHelper - Failed :  - title
[INFO ] 2020-09-09 01:05:36.989 [main] ExcelHelper - Failed :  - title
[INFO ] 2020-09-09 01:14:41.290 [main] ExcelHelper - total rows:2
[INFO ] 2020-09-09 01:14:59.839 [main] ExcelHelper - Failed :  - stay_Tc01
[INFO ] 2020-09-09 01:15:27.250 [main] ExcelHelper - Test Case for  -San Francisco, CA, United States of America (SFO-San Francisco Intl) Hotel Search Results
[INFO ] 2020-09-09 01:15:27.274 [main] ExcelHelper - Failed :  - stay_Tc01
[INFO ] 2020-09-09 01:16:02.296 [main] ExcelHelper - total rows:2
[INFO ] 2020-09-09 01:16:38.360 [main] ExcelHelper - Test Case for  -San Francisco, CA, United States of America (SFO-San Francisco Intl.) Hotel Search Results
[INFO ] 2020-09-09 01:16:38.373 [main] ExcelHelper - Passed
[INFO ] 2020-09-09 01:17:06.126 [main] ExcelHelper - Test Case for  -San Francisco, CA, United States of America (SFO-San Francisco Intl) Hotel Search Results
[INFO ] 2020-09-09 01:17:06.333 [main] ExcelHelper - Failed :  - stay_Tc01
[INFO ] 2020-09-09 01:18:35.468 [main] ExcelHelper - total rows:2
[INFO ] 2020-09-09 01:18:53.721 [main] ExcelHelper -  Filter By Type : HOTEL |Star Rating : 5★ |Budget : Greater than $300
[INFO ] 2020-09-09 01:18:54.090 [main] ExcelHelper - Search Criteria for type Popular Filter = HOTEL
[INFO ] 2020-09-09 01:18:57.500 [main] ExcelHelper -  Search Criteria for Hotel Star rating : 5★
[INFO ] 2020-09-09 01:18:58.164 [main] ExcelHelper -  Search Criteria for your Budget : Greater than $300
[INFO ] 2020-09-09 01:18:59.329 [main] ExcelHelper - Failed :  - hotelfilter_Tc01
[INFO ] 2020-09-09 01:19:16.290 [main] ExcelHelper -  Filter By Type : FREE_PARKING |Star Rating : 3★ |Budget : $200 to $300
[INFO ] 2020-09-09 01:19:16.744 [main] ExcelHelper - Search Criteria for type Popular Filter = FREE_PARKING
[INFO ] 2020-09-09 01:19:20.688 [main] ExcelHelper -  Search Criteria for Hotel Star rating : 3★
[INFO ] 2020-09-09 01:19:21.141 [main] ExcelHelper -  Search Criteria for your Budget : $200 to $300
[INFO ] 2020-09-09 01:19:21.665 [main] ExcelHelper - Failed :  - hotelfilter_Tc01
[INFO ] 2020-09-09 01:22:22.111 [main] ExcelHelper - total rows:2
[INFO ] 2020-09-09 01:22:39.189 [main] ExcelHelper -  Filter By Type : HOTEL |Star Rating : 5★ |Budget : Greater than $300
[INFO ] 2020-09-09 01:22:39.590 [main] ExcelHelper - Search Criteria for type Popular Filter = HOTEL
[INFO ] 2020-09-09 01:22:42.850 [main] ExcelHelper -  Search Criteria for Hotel Star rating : 5★
[INFO ] 2020-09-09 01:22:43.840 [main] ExcelHelper -  Search Criteria for your Budget : Greater than $300
[INFO ] 2020-09-09 01:22:47.893 [main] ExcelHelper - Travel: Vacations, Cheap Flights, Airline Tickets & Airfares
[INFO ] 2020-09-09 01:23:03.696 [main] ExcelHelper -  Filter By Type : FREE_PARKING |Star Rating : 3★ |Budget : $200 to $300
[INFO ] 2020-09-09 01:23:03.809 [main] ExcelHelper - Search Criteria for type Popular Filter = FREE_PARKING
[INFO ] 2020-09-09 01:23:05.355 [main] ExcelHelper -  Search Criteria for Hotel Star rating : 3★
[INFO ] 2020-09-09 01:23:06.267 [main] ExcelHelper -  Search Criteria for your Budget : $200 to $300
[INFO ] 2020-09-09 01:23:10.274 [main] ExcelHelper - San Francisco, CA, United States of America (SFO-San Francisco Intl.) Hotel Search Results
[INFO ] 2020-09-09 01:24:58.953 [main] ExcelHelper - total rows:2
[INFO ] 2020-09-09 01:25:26.602 [main] ExcelHelper - Test Case for  --------San Francisco, CA, United States of America (SFO-San Francisco Intl.) Hotel Search Results
[INFO ] 2020-09-09 01:25:26.629 [main] ExcelHelper - Passed
[INFO ] 2020-09-09 01:25:50.474 [main] ExcelHelper - Test Case for  --------San Francisco, CA, United States of America (SFO-San Francisco Intl) Hotel Search Results
[ERROR] 2020-09-09 01:25:50.497 [main] ExcelHelper - Failed TestCase :  - stay_Tc01
[INFO ] 2020-09-09 17:52:24.036 [main] ExcelHelper - total rows:2
[ERROR] 2020-09-09 17:52:48.968 [main] ExcelHelper - Failed TestCase :  - stay_Tc01
[INFO ] 2020-09-09 17:53:22.138 [main] ExcelHelper - Test Case for  --------San Francisco, CA, United States of America (SFO-San Francisco Intl) Hotel Search Results
[ERROR] 2020-09-09 17:53:22.153 [main] ExcelHelper - Failed TestCase :  - stay_Tc01
[INFO ] 2020-09-09 18:31:05.160 [main] ExcelHelper - total rows:2
[INFO ] 2020-09-09 18:31:36.741 [main] ExcelHelper - Test Case for  --------San Francisco, CA, United States of America (SFO-San Francisco Intl.) Hotel Search Results
[INFO ] 2020-09-09 18:31:36.996 [main] ExcelHelper - Passed
[INFO ] 2020-09-09 18:32:02.756 [main] ExcelHelper - Test Case for  --------San Francisco, CA, United States of America (SFO-San Francisco Intl) Hotel Search Results
[ERROR] 2020-09-09 18:32:02.788 [main] ExcelHelper - Failed TestCase :  - stay_Tc01
[INFO ] 2020-09-09 18:34:56.087 [main] ExcelHelper - total rows:2
[INFO ] 2020-09-09 18:35:24.418 [main] ExcelHelper - Test Case for  --------San Francisco, CA, United States of America (SFO-San Francisco Intl.) Hotel Search Results
[INFO ] 2020-09-09 18:35:24.431 [main] ExcelHelper - Passed
[INFO ] 2020-09-09 18:35:48.886 [main] ExcelHelper - Test Case for  --------San Francisco, CA, United States of America (SFO-San Francisco Intl) Hotel Search Results
[ERROR] 2020-09-09 18:35:48.928 [main] ExcelHelper - Failed TestCase :  - stay_Tc01
[INFO ] 2020-09-09 21:37:21.780 [main] ExcelHelper - total rows:2
[INFO ] 2020-09-09 21:37:29.576 [main] ExcelHelper -  TestCase using DataProvider to search accommodation 
[INFO ] 2020-09-09 21:37:52.661 [main] ExcelHelper - Test Case for  --------San Francisco, CA, United States of America (SFO-San Francisco Intl.) Hotel Search Results
[INFO ] 2020-09-09 21:37:52.874 [main] ExcelHelper - Passed
[INFO ] 2020-09-09 21:38:00.349 [main] ExcelHelper -  TestCase using DataProvider to search accommodation 
[INFO ] 2020-09-09 21:38:14.091 [main] ExcelHelper - Test Case for  --------San Francisco, CA, United States of America (SFO-San Francisco Intl) Hotel Search Results
[ERROR] 2020-09-09 21:38:14.208 [main] ExcelHelper - Failed TestCase :  - stay_Tc01
[INFO ] 2020-09-09 21:58:24.029 [main] ExcelHelper - total rows:2
[ERROR] 2020-09-09 21:58:24.343 [main] ExcelHelper - java.io.FileNotFoundException: C:\Users\Vinuta\IdeaProjects\ExpediaBooking\src\main\resources\test-data\TestData.xlsx (The process cannot access the file because it is being used by another process)
[INFO ] 2020-09-09 21:58:41.703 [main] ExcelHelper -  Filter By Type : HOTEL |Star Rating : 5★ |Budget : Greater than $300
[INFO ] 2020-09-09 21:58:42.600 [main] ExcelHelper - Search Criteria for type Popular Filter = HOTEL
[INFO ] 2020-09-09 21:58:50.677 [main] ExcelHelper -  Search Criteria for Hotel Star rating : 5★
[INFO ] 2020-09-09 21:58:51.307 [main] ExcelHelper -  Search Criteria for your Budget : Greater than $300
[ERROR] 2020-09-09 21:58:56.502 [main] ExcelHelper - Failed TestCase :  - hotelfilter_Tc01
[INFO ] 2020-09-09 21:59:13.552 [main] ExcelHelper -  Filter By Type : FREE_PARKING |Star Rating : 3★ |Budget : $200 to $300
[INFO ] 2020-09-09 21:59:13.722 [main] ExcelHelper - Search Criteria for type Popular Filter = FREE_PARKING
[INFO ] 2020-09-09 21:59:15.289 [main] ExcelHelper -  Search Criteria for Hotel Star rating : 3★
[INFO ] 2020-09-09 21:59:17.984 [main] ExcelHelper -  Search Criteria for your Budget : $200 to $300
[INFO ] 2020-09-09 21:59:26.284 [main] ExcelHelper - San Francisco, CA, United States of America (SFO-San Francisco Intl.) Hotel Search Results
[INFO ] 2020-09-09 22:01:49.020 [main] ExcelHelper - total rows:2
[INFO ] 2020-09-09 22:02:07.182 [main] ExcelHelper -  Filter By Type : HOTEL |Star Rating : 5★ |Budget : Greater than $300
[INFO ] 2020-09-09 22:02:07.654 [main] ExcelHelper - Search Criteria for type Popular Filter = HOTEL
[INFO ] 2020-09-09 22:02:13.516 [main] ExcelHelper -  Search Criteria for Hotel Star rating : 5★
[INFO ] 2020-09-09 22:02:13.850 [main] ExcelHelper -  Search Criteria for your Budget : Greater than $300
[INFO ] 2020-09-09 22:02:17.835 [main] ExcelHelper - 
[INFO ] 2020-09-09 22:02:32.967 [main] ExcelHelper -  Filter By Type : FREE_PARKING |Star Rating : 3★ |Budget : $200 to $300
[INFO ] 2020-09-09 22:02:33.069 [main] ExcelHelper - Search Criteria for type Popular Filter = FREE_PARKING
[INFO ] 2020-09-09 22:02:34.519 [main] ExcelHelper -  Search Criteria for Hotel Star rating : 3★
[INFO ] 2020-09-09 22:02:39.963 [main] ExcelHelper -  Search Criteria for your Budget : $200 to $300
[INFO ] 2020-09-09 22:02:44.367 [main] ExcelHelper - San Francisco, CA, United States of America (SFO-San Francisco Intl.) Hotel Search Results
[INFO ] 2020-09-09 22:48:35.281 [main] ExcelHelper - total rows:2
[INFO ] 2020-09-09 22:50:43.050 [main] ExcelHelper - total rows:2
[INFO ] 2020-09-09 22:50:54.327 [main] ExcelHelper -  Filter By Type : HOTEL |Star Rating : 5★ |Budget : Greater than $300
[INFO ] 2020-09-09 22:50:57.975 [main] ExcelHelper - Search Criteria for type Popular Filter = HOTEL
[INFO ] 2020-09-09 22:51:00.395 [main] ExcelHelper - Search Criteria for Hotel Star rating : 5★
[INFO ] 2020-09-09 22:51:02.430 [main] ExcelHelper - Search Criteria for your Budget : Greater than $300
[ERROR] 2020-09-09 22:51:05.657 [main] ExcelHelper - Failed TestCase :  - hotelfilter_Tc01
[INFO ] 2020-09-09 22:51:06.733 [main] ExcelHelper -  Filter By Type : FREE_PARKING |Star Rating : 3★ |Budget : $200 to $300
[ERROR] 2020-09-09 22:51:06.738 [main] ExcelHelper - Failed TestCase :  - hotelfilter_Tc01
[INFO ] 2020-09-09 22:53:16.564 [main] ExcelHelper - total rows:2
[INFO ] 2020-09-09 22:53:26.702 [main] ExcelHelper -  Filter By Type : HOTEL |Star Rating : 5★ |Budget : Greater than $300
[INFO ] 2020-09-09 22:53:27.255 [main] ExcelHelper - Search Criteria for type Popular Filter = HOTEL
[INFO ] 2020-09-09 22:53:31.603 [main] ExcelHelper - Search Criteria for Hotel Star rating : 5★
[INFO ] 2020-09-09 22:53:34.075 [main] ExcelHelper - Search Criteria for your Budget : Greater than $300
[ERROR] 2020-09-09 22:53:41.529 [main] ExcelHelper - Failed TestCase :  - hotelfilter_Tc01
[INFO ] 2020-09-09 22:53:41.531 [main] ExcelHelper -  Filter By Type : FREE_PARKING |Star Rating : 3★ |Budget : $200 to $300
[INFO ] 2020-09-09 22:53:41.780 [main] ExcelHelper - Search Criteria for type Popular Filter = FREE_PARKING
[INFO ] 2020-09-09 22:53:45.608 [main] ExcelHelper - Search Criteria for Hotel Star rating : 3★
[INFO ] 2020-09-09 22:53:46.316 [main] ExcelHelper - Search Criteria for your Budget : $200 to $300
[INFO ] 2020-09-09 22:53:49.953 [main] ExcelHelper - 
[INFO ] 2020-09-09 22:56:26.007 [main] ExcelHelper - total rows:2
[INFO ] 2020-09-09 22:56:43.990 [main] ExcelHelper -  Filter By Type : HOTEL |Star Rating : 5★ |Budget : Greater than $300
[INFO ] 2020-09-09 22:56:45.255 [main] ExcelHelper - Search Criteria for type Popular Filter = HOTEL
[INFO ] 2020-09-09 22:56:48.915 [main] ExcelHelper - Search Criteria for Hotel Star rating : 5★
[INFO ] 2020-09-09 22:56:49.407 [main] ExcelHelper - Search Criteria for your Budget : Greater than $300
[ERROR] 2020-09-09 22:56:53.361 [main] ExcelHelper - Failed TestCase :  - hotelfilter_Tc01
[INFO ] 2020-09-09 22:57:10.354 [main] ExcelHelper -  Filter By Type : FREE_PARKING |Star Rating : 3★ |Budget : $200 to $300
[INFO ] 2020-09-09 22:57:10.954 [main] ExcelHelper - Search Criteria for type Popular Filter = FREE_PARKING
[INFO ] 2020-09-09 22:57:12.380 [main] ExcelHelper - Search Criteria for Hotel Star rating : 3★
[INFO ] 2020-09-09 22:57:16.606 [main] ExcelHelper - Search Criteria for your Budget : $200 to $300
[ERROR] 2020-09-09 22:57:22.775 [main] ExcelHelper - Failed TestCase :  - hotelfilter_Tc01
[INFO ] 2020-09-09 22:58:33.532 [main] ExcelHelper - total rows:2
[INFO ] 2020-09-09 22:58:51.087 [main] ExcelHelper -  Filter By Type : HOTEL |Star Rating : 5★ |Budget : Greater than $300
[INFO ] 2020-09-09 22:58:51.457 [main] ExcelHelper - Search Criteria for type Popular Filter = HOTEL
[INFO ] 2020-09-09 22:58:57.693 [main] ExcelHelper - Search Criteria for Hotel Star rating : 5★
[INFO ] 2020-09-09 22:58:59.296 [main] ExcelHelper - Search Criteria for your Budget : Greater than $300
[ERROR] 2020-09-09 22:59:02.010 [main] ExcelHelper - Failed TestCase :  - hotelfilter_Tc01
[INFO ] 2020-09-09 22:59:17.964 [main] ExcelHelper -  Filter By Type : FREE_PARKING |Star Rating : 3★ |Budget : $200 to $300
[ERROR] 2020-09-09 23:00:10.131 [main] ExcelHelper - Failed TestCase :  - hotelfilter_Tc01
[INFO ] 2020-09-09 23:00:42.899 [main] ExcelHelper - Sort By Distance based on Testcase HotelFilter
[ERROR] 2020-09-09 23:00:44.271 [main] ExcelHelper - Failed TestCase :  - sortby_Tc02
[INFO ] 2020-09-09 23:03:15.443 [main] ExcelHelper - Sort By Distance based on Testcase HotelFilter
[ERROR] 2020-09-09 23:03:16.613 [main] ExcelHelper - Failed TestCase :  - sortby_Tc02
[INFO ] 2020-09-09 23:06:36.876 [main] ExcelHelper - Sort By Distance based on Testcase HotelFilter
[ERROR] 2020-09-09 23:06:38.041 [main] ExcelHelper - Failed TestCase :  - sortby_Tc02
[INFO ] 2020-09-09 23:07:21.654 [main] ExcelHelper - Sort By Distance based on Testcase HotelFilter
[ERROR] 2020-09-09 23:07:23.683 [main] ExcelHelper - Failed TestCase :  - sortby_Tc02
[INFO ] 2020-09-09 23:16:13.459 [main] ExcelHelper - Sort By Distance based on Testcase HotelFilter
[ERROR] 2020-09-09 23:16:14.943 [main] ExcelHelper - Failed TestCase :  - sortby_Tc02
[INFO ] 2020-09-09 23:20:02.435 [main] ExcelHelper - Sort By Distance based on Testcase HotelFilter
[ERROR] 2020-09-09 23:20:05.214 [main] ExcelHelper - Failed TestCase :  - sortby_Tc02
[INFO ] 2020-09-09 23:22:41.140 [main] ExcelHelper - Sort By Distance based on Testcase HotelFilter
[ERROR] 2020-09-09 23:22:43.592 [main] ExcelHelper - Failed TestCase :  - sortby_Tc02
[INFO ] 2020-09-09 23:23:40.132 [main] ExcelHelper - Sort By Distance based on Testcase HotelFilter
[ERROR] 2020-09-09 23:23:40.158 [main] ExcelHelper - Failed TestCase :  - sortby_Tc02
[INFO ] 2020-09-09 23:25:00.643 [main] ExcelHelper - Sort By Distance based on Testcase HotelFilter
[ERROR] 2020-09-09 23:25:03.215 [main] ExcelHelper - Failed TestCase :  - sortby_Tc02
[INFO ] 2020-09-09 23:26:41.876 [main] ExcelHelper - Sort By Distance based on Testcase HotelFilter
[ERROR] 2020-09-09 23:26:45.583 [main] ExcelHelper - Failed TestCase :  - sortby_Tc02
[INFO ] 2020-09-09 23:28:19.533 [main] ExcelHelper - Sort By Distance based on Testcase HotelFilter
[ERROR] 2020-09-09 23:28:21.399 [main] ExcelHelper - Failed TestCase :  - sortby_Tc02
[INFO ] 2020-09-09 23:31:11.713 [main] ExcelHelper - Sort By Distance based on Testcase HotelFilter
[ERROR] 2020-09-09 23:31:12.983 [main] ExcelHelper - Failed TestCase :  - sortby_Tc02
[INFO ] 2020-09-09 23:32:31.819 [main] ExcelHelper - Sort By Distance based on Testcase HotelFilter
[ERROR] 2020-09-09 23:32:35.939 [main] ExcelHelper - Failed TestCase :  - sortby_Tc02
[INFO ] 2020-09-09 23:36:26.465 [main] ExcelHelper - Sort By Distance based on Testcase HotelFilter
[ERROR] 2020-09-09 23:36:30.340 [main] ExcelHelper - Failed TestCase :  - sortby_Tc02
[INFO ] 2020-09-09 23:45:36.635 [main] ExcelHelper - Sort By Distance based on Testcase HotelFilter
[ERROR] 2020-09-09 23:45:40.893 [main] ExcelHelper - Failed TestCase :  - sortby_Tc02
[INFO ] 2020-09-09 23:46:40.839 [main] ExcelHelper - Sort By Distance based on Testcase HotelFilter
[ERROR] 2020-09-09 23:46:43.487 [main] ExcelHelper - Failed TestCase :  - sortby_Tc02
[INFO ] 2020-09-09 23:47:52.730 [main] ExcelHelper - Sort By Distance based on Testcase HotelFilter
[ERROR] 2020-09-09 23:47:54.891 [main] ExcelHelper - Failed TestCase :  - sortby_Tc02
[INFO ] 2020-09-09 23:48:45.991 [main] ExcelHelper - total rows:2
[INFO ] 2020-09-09 23:49:03.593 [main] ExcelHelper -  Filter By Type : HOTEL |Star Rating : 5★ |Budget : Greater than $300
[INFO ] 2020-09-09 23:49:04.287 [main] ExcelHelper - Search Criteria for type Popular Filter = HOTEL
[INFO ] 2020-09-09 23:49:08.728 [main] ExcelHelper - Search Criteria for Hotel Star rating : 5★
[INFO ] 2020-09-09 23:49:09.447 [main] ExcelHelper - Search Criteria for your Budget : Greater than $300
[ERROR] 2020-09-09 23:49:13.493 [main] ExcelHelper - Failed TestCase :  - hotelfilter_Tc01
[INFO ] 2020-09-09 23:49:32.183 [main] ExcelHelper -  Filter By Type : FREE_PARKING |Star Rating : 3★ |Budget : $200 to $300
[INFO ] 2020-09-09 23:49:32.748 [main] ExcelHelper - Search Criteria for type Popular Filter = FREE_PARKING
[INFO ] 2020-09-09 23:49:36.149 [main] ExcelHelper - Search Criteria for Hotel Star rating : 3★
[INFO ] 2020-09-09 23:49:38.130 [main] ExcelHelper - Search Criteria for your Budget : $200 to $300
[ERROR] 2020-09-09 23:49:43.891 [main] ExcelHelper - Failed TestCase :  - hotelfilter_Tc01
[INFO ] 2020-09-09 23:51:15.358 [main] ExcelHelper - Sort By Distance based on Testcase HotelFilter
[ERROR] 2020-09-09 23:51:16.119 [main] ExcelHelper - Failed TestCase :  - sortby_Tc02
[INFO ] 2020-09-09 23:59:41.520 [main] ExcelHelper - Sort By Distance based on Testcase HotelFilter
[ERROR] 2020-09-09 23:59:43.703 [main] ExcelHelper - Failed TestCase :  - sortby_Tc02
